Build started 2015/6/13 14:50:07.
     1>Project "F:\Github\Swordland\Sword_Art_Offline\Sword_Art_Offline\Sword_Art_Offline.vcxproj" on node 2 (Build target(s)).
     1>ClCompile:
         D:\Visual Studio\VC\bin\CL.exe /c /I...\HGE /ZI /nologo /W3 /WX- /sdl /Od /Oy- /Gm /EHsc /RTC1 /MDd /GS /fp:precise /Zc:wchar_t /Zc:forScope /Fo"Debug\\" /Fd"Debug\vc120.pdb" /Gd /TP /analyze- /errorReport:prompt mainframe.cpp
         mainframe.cpp
     1>f:\github\swordland\sword_art_offline\sword_art_offline\mainframe.cpp(508): warning C4800: 'int' : forcing value to bool 'true' or 'false' (performance warning)
     1>f:\github\swordland\sword_art_offline\sword_art_offline\mainframe.cpp(510): warning C4244: 'argument' : conversion from 'int' to 'float', possible loss of data
     1>f:\github\swordland\sword_art_offline\sword_art_offline\mainframe.cpp(520): warning C4800: 'int' : forcing value to bool 'true' or 'false' (performance warning)
     1>f:\github\swordland\sword_art_offline\sword_art_offline\mainframe.cpp(522): warning C4244: 'argument' : conversion from 'int' to 'float', possible loss of data
     1>f:\github\swordland\sword_art_offline\sword_art_offline\mainframe.cpp(543): warning C4244: 'initializing' : conversion from 'float' to 'int', possible loss of data
     1>f:\github\swordland\sword_art_offline\sword_art_offline\mainframe.cpp(545): warning C4244: 'initializing' : conversion from 'float' to 'int', possible loss of data
     1>f:\github\swordland\sword_art_offline\sword_art_offline\mainframe.cpp(574): warning C4244: 'initializing' : conversion from 'float' to 'int', possible loss of data
     1>f:\github\swordland\sword_art_offline\sword_art_offline\mainframe.cpp(580): warning C4244: 'initializing' : conversion from 'float' to 'int', possible loss of data
     1>f:\github\swordland\sword_art_offline\sword_art_offline\mainframe.cpp(585): warning C4244: 'initializing' : conversion from 'float' to 'int', possible loss of data
     1>f:\github\swordland\sword_art_offline\sword_art_offline\mainframe.cpp(774): warning C4244: 'initializing' : conversion from 'double' to 'float', possible loss of data
     1>f:\github\swordland\sword_art_offline\sword_art_offline\mainframe.cpp(775): warning C4244: 'initializing' : conversion from 'float' to 'int', possible loss of data
     1>f:\github\swordland\sword_art_offline\sword_art_offline\mainframe.cpp(825): warning C4244: 'initializing' : conversion from 'double' to 'float', possible loss of data
     1>f:\github\swordland\sword_art_offline\sword_art_offline\mainframe.cpp(826): warning C4244: 'initializing' : conversion from 'float' to 'int', possible loss of data
       Link:
         D:\Visual Studio\VC\bin\link.exe /ERRORREPORT:PROMPT /OUT:"F:\Github\Swordland\Sword_Art_Offline\Debug\Sword_Art_Offline.exe" /INCREMENTAL /NOLOGO /LIBPATH:F:\Github\Swordland\Sword_Art_Offline\Sword_Art_Offline\HGE hge.lib hgehelp.lib kernel32.lib user32.lib gdi32.lib winspool.lib comdlg32.lib advapi32.lib shell32.lib ole32.lib oleaut32.lib uuid.lib odbc32.lib odbccp32.lib /MANIFEST /MANIFESTUAC:"level='asInvoker' uiAccess='false'" /manifest:embed /DEBUG /PDB:"F:\Github\Swordland\Sword_Art_Offline\Debug\Sword_Art_Offline.pdb" /TLBID:1 /DYNAMICBASE /NXCOMPAT /IMPLIB:"F:\Github\Swordland\Sword_Art_Offline\Debug\Sword_Art_Offline.lib" /MACHINE:X86 Debug\mainframe.obj
         Debug\player.obj
         Sword_Art_Offline.vcxproj -> F:\Github\Swordland\Sword_Art_Offline\Debug\Sword_Art_Offline.exe
     1>Done Building Project "F:\Github\Swordland\Sword_Art_Offline\Sword_Art_Offline\Sword_Art_Offline.vcxproj" (Build target(s)).

Build succeeded.

Time Elapsed 00:00:01.32
