Build started 2015/6/15 17:25:20.
     1>Project "F:\Github\Swordland\Sword_Art_Offline\Sword_Art_Offline\Sword_Art_Offline.vcxproj" on node 2 (Build target(s)).
     1>ClCompile:
         D:\Visual Studio\VC\bin\CL.exe /c /Zi /nologo /W3 /WX- /sdl /O2 /Oi /Oy- /GL /D _MBCS /Gm- /EHsc /MT /GS /Gy /fp:precise /Zc:wchar_t /Zc:forScope /Fo"Release\\" /Fd"Release\vc120.pdb" /Gd /TP /analyze- /errorReport:prompt mainframe.cpp
         mainframe.cpp
     1>mainframe.cpp(649): warning C4800: 'int' : forcing value to bool 'true' or 'false' (performance warning)
     1>mainframe.cpp(651): warning C4244: 'argument' : conversion from 'int' to 'float', possible loss of data
     1>mainframe.cpp(661): warning C4800: 'int' : forcing value to bool 'true' or 'false' (performance warning)
     1>mainframe.cpp(663): warning C4244: 'argument' : conversion from 'int' to 'float', possible loss of data
     1>mainframe.cpp(685): warning C4244: 'initializing' : conversion from 'float' to 'int', possible loss of data
     1>mainframe.cpp(687): warning C4244: 'initializing' : conversion from 'float' to 'int', possible loss of data
     1>mainframe.cpp(739): warning C4244: 'initializing' : conversion from 'float' to 'int', possible loss of data
     1>mainframe.cpp(744): warning C4244: 'initializing' : conversion from 'float' to 'int', possible loss of data
     1>mainframe.cpp(748): warning C4244: 'initializing' : conversion from 'float' to 'int', possible loss of data
     1>mainframe.cpp(1038): warning C4244: 'initializing' : conversion from 'double' to 'float', possible loss of data
     1>mainframe.cpp(1039): warning C4244: 'initializing' : conversion from 'float' to 'int', possible loss of data
     1>mainframe.cpp(1095): warning C4244: 'initializing' : conversion from 'double' to 'float', possible loss of data
     1>mainframe.cpp(1096): warning C4244: 'initializing' : conversion from 'float' to 'int', possible loss of data
     1>mainframe.cpp(1113): warning C4244: 'initializing' : conversion from 'double' to 'float', possible loss of data
     1>mainframe.cpp(1114): warning C4244: 'initializing' : conversion from 'float' to 'int', possible loss of data
       Link:
         D:\Visual Studio\VC\bin\link.exe /ERRORREPORT:PROMPT /OUT:"F:\Github\Swordland\Sword_Art_Offline\Release\Sword_Art_Offline.exe" /NOLOGO kernel32.lib user32.lib gdi32.lib winspool.lib comdlg32.lib advapi32.lib shell32.lib ole32.lib oleaut32.lib uuid.lib odbc32.lib odbccp32.lib /MANIFEST /MANIFESTUAC:"level='asInvoker' uiAccess='false'" /manifest:embed /DEBUG /PDB:"F:\Github\Swordland\Sword_Art_Offline\Release\Sword_Art_Offline.pdb" /OPT:REF /OPT:ICF /LTCG /TLBID:1 /DYNAMICBASE /NXCOMPAT /IMPLIB:"F:\Github\Swordland\Sword_Art_Offline\Release\Sword_Art_Offline.lib" /MACHINE:X86 /SAFESEH Release\mainframe.obj
         Release\player.obj
         Generating code
     1>f:\github\swordland\sword_art_offline\sword_art_offline\player.cpp(216): warning C4715: 'PLAYER::stillJudge' : not all control paths return a value
     1>f:\github\swordland\sword_art_offline\sword_art_offline\mainframe.cpp(291): warning C4715: 'MAINFRAME::welcomeInit' : not all control paths return a value
         Finished generating code
         Sword_Art_Offline.vcxproj -> F:\Github\Swordland\Sword_Art_Offline\Release\Sword_Art_Offline.exe
     1>Done Building Project "F:\Github\Swordland\Sword_Art_Offline\Sword_Art_Offline\Sword_Art_Offline.vcxproj" (Build target(s)).

Build succeeded.

Time Elapsed 00:00:02.03
